<?xml version="1.0" encoding="UTF-8"?>
<!-- Generated by org.testng.reporters.JUnitReportReporter -->
<testsuite skipped="0" hostname="sobremesa-zoe" name="framework.Tests.AmazonTest" tests="1" failures="0" timestamp="04 Mar 2022 11:04:50 GMT" time="59.315" errors="0">
  <testcase name="loginTest_Amazon" time="59.315" classname="framework.Tests.AmazonTest"/>
</testsuite> <!-- framework.Tests.AmazonTest -->
