<?xml version="1.0" encoding="UTF-8"?>
<!-- Generated by org.testng.reporters.JUnitReportReporter -->
<testsuite skipped="0" hostname="portatil-zoe" name="framework.Tests.AmazonTest" tests="1" failures="0" timestamp="25 Feb 2022 18:32:58 GMT" time="19.149" errors="0">
  <testcase name="loginTest_Amazon" time="19.149" classname="framework.Tests.AmazonTest"/>
</testsuite> <!-- framework.Tests.AmazonTest -->
